Mariokart_IRL/Application/arsdk-kjr-NDK19-MIN_SDK_19/out/arsdk-android/gradle/libARDiscovery/intermediates/manifest_merge_blame_file/debug/manifest-merger-blame-debug-report.txt
1<?xml version="1.0" encoding="utf-8"?>
2<manifest xmlns:android="http://schemas.android.com/apk/res/android"
3    package="com.parrot.arsdk.ardiscovery"
4    android:versionCode="1"
5    android:versionName="1.0" >
6
7    <uses-sdk android:minSdkVersion="19" />
8
9    <uses-permission android:name="android.permission.BLUETOOTH_ADMIN" />
9-->packages/libARDiscovery/AndroidManifest.xml:6:5-74
9-->packages/libARDiscovery/AndroidManifest.xml:6:22-71
10    <uses-permission android:name="android.permission.CHANGE_WIFI_MULTICAST_STATE" />
10-->packages/libARDiscovery/AndroidManifest.xml:7:5-85
10-->packages/libARDiscovery/AndroidManifest.xml:7:22-83
11    <uses-permission android:name="android.permission.ACCESS_WIFI_STATE" />
11-->packages/libARDiscovery/AndroidManifest.xml:8:5-76
11-->packages/libARDiscovery/AndroidManifest.xml:8:22-73
12    <uses-permission android:name="android.permission.REORDER_TASKS" />
12-->packages/libARDiscovery/AndroidManifest.xml:10:5-72
12-->packages/libARDiscovery/AndroidManifest.xml:10:22-69
13
14</manifest>